30 Mar 2026 16:49:08,863 [JavaFX-Launcher] Repo.Implementation.RepoUsersDB 22 <init> - Initializing RepoUsersDB with properties: {jdbc.url=jdbc:sqlite:lab3/basket.db, jdbc.driver=org.sqlite.JDBC} 
30 Mar 2026 16:49:08,869 [JavaFX-Launcher] Util.JdbcUtils 44 getConnection - Enter
30 Mar 2026 16:49:08,870 [JavaFX-Launcher] Util.JdbcUtils 23 getNewConnection - Enter
30 Mar 2026 16:49:09,167 [JavaFX-Launcher] Util.JdbcUtils 53 getConnection - Exit with(org.sqlite.jdbc4.JDBC4Connection@6bd2a1c9)
30 Mar 2026 16:49:09,171 [JavaFX-Launcher] Repo.Implementation.RepoMeciDB 26 <init> - Initializing RepoMeciDB with properties: {jdbc.url=jdbc:sqlite:lab3/basket.db, jdbc.driver=org.sqlite.JDBC} 
30 Mar 2026 16:49:09,173 [JavaFX-Launcher] Util.JdbcUtils 44 getConnection - Enter
30 Mar 2026 16:49:09,173 [JavaFX-Launcher] Util.JdbcUtils 23 getNewConnection - Enter
30 Mar 2026 16:49:09,174 [JavaFX-Launcher] Util.JdbcUtils 53 getConnection - Exit with(org.sqlite.jdbc4.JDBC4Connection@31000988)
30 Mar 2026 16:49:09,177 [JavaFX-Launcher] Repo.Implementation.RepoBiletDB 25 <init> - Initializing RepoBiletDB with properties: {jdbc.url=jdbc:sqlite:lab3/basket.db, jdbc.driver=org.sqlite.JDBC} 
30 Mar 2026 16:49:09,177 [JavaFX-Launcher] Util.JdbcUtils 44 getConnection - Enter
30 Mar 2026 16:49:09,177 [JavaFX-Launcher] Util.JdbcUtils 23 getNewConnection - Enter
30 Mar 2026 16:49:09,178 [JavaFX-Launcher] Util.JdbcUtils 53 getConnection - Exit with(org.sqlite.jdbc4.JDBC4Connection@20dcc081)
30 Mar 2026 16:49:09,179 [JavaFX-Launcher] App 34 init - App initialized
30 Mar 2026 16:49:09,199 [JavaFX Application Thread] App 39 start - Starting app, Setting up services
30 Mar 2026 16:49:09,203 [JavaFX Application Thread] App 43 start - Setting up login scene
30 Mar 2026 16:49:19,962 [JavaFX Application Thread] Repo.Implementation.RepoUsersDB 29 login - Enter
30 Mar 2026 16:49:20,404 [JavaFX Application Thread] Repo.Implementation.RepoMeciDB 34 findAll - Enter
30 Mar 2026 16:53:47,444 [JavaFX Application Thread] Repo.Implementation.RepoMeciDB 34 findAll - Enter
30 Mar 2026 16:54:13,318 [JavaFX Application Thread] Repo.Implementation.RepoMeciDB 34 findAll - Enter
30 Mar 2026 16:54:15,202 [JavaFX Application Thread] Repo.Implementation.RepoMeciDB 34 findAll - Enter
30 Mar 2026 16:54:21,391 [JavaFX Application Thread] Repo.Implementation.RepoBiletDB 32 findById - Enter
30 Mar 2026 16:54:26,033 [JavaFX Application Thread] Repo.Implementation.RepoBiletDB 32 findById - Enter
30 Mar 2026 16:54:28,329 [JavaFX Application Thread] Repo.Implementation.RepoMeciDB 34 findAll - Enter
30 Mar 2026 16:54:28,862 [JavaFX Application Thread] Repo.Implementation.RepoMeciDB 34 findAll - Enter
30 Mar 2026 16:54:29,019 [JavaFX Application Thread] Repo.Implementation.RepoMeciDB 34 findAll - Enter
30 Mar 2026 16:54:29,175 [JavaFX Application Thread] Repo.Implementation.RepoMeciDB 34 findAll - Enter
30 Mar 2026 16:54:32,137 [JavaFX Application Thread] Repo.Implementation.RepoBiletDB 32 findById - Enter
30 Mar 2026 16:54:42,107 [JavaFX Application Thread] Repo.Implementation.RepoMeciDB 101 cautare - Enter
30 Mar 2026 16:54:55,562 [JavaFX Application Thread] Repo.Implementation.RepoMeciDB 34 findAll - Enter
30 Mar 2026 16:57:13,312 [JavaFX Application Thread] Repo.Implementation.RepoBiletDB 32 findById - Enter
30 Mar 2026 16:57:13,316 [JavaFX Application Thread] Repo.Implementation.RepoMeciDB 60 findById - Enter
30 Mar 2026 16:57:13,317 [JavaFX Application Thread] Repo.Implementation.RepoMeciDB 85 vanzareLocuri - Enter
30 Mar 2026 16:57:13,319 [JavaFX Application Thread] Repo.Implementation.RepoBiletDB 75 modifica - Enter
30 Mar 2026 16:57:13,319 [JavaFX Application Thread] Repo.Implementation.RepoMeciDB 34 findAll - Enter
30 Mar 2026 16:57:14,341 [JavaFX Application Thread] Repo.Implementation.RepoMeciDB 34 findAll - Enter
